TN:
SF:/Users/jhojangarcia/platziverse/platziverse-db/index.js
FN:10,(anonymous_0)
FNF:1
FNH:1
FNDA:13,(anonymous_0)
DA:3,13
DA:4,13
DA:5,13
DA:6,13
DA:7,13
DA:8,13
DA:10,13
DA:11,13
DA:23,13
DA:24,13
DA:25,13
DA:27,13
DA:28,13
DA:30,13
DA:32,13
DA:33,0
DA:36,13
DA:37,13
DA:39,13
LF:19
LH:18
BRDA:32,0,0,0
BRDA:32,0,1,13
BRF:2
BRH:1
end_of_record
TN:
SF:/Users/jhojangarcia/platziverse/platziverse-db/lib/agent.js
FN:3,setupAgent
FN:4,createOrUpdate
FN:22,findById
FN:26,findByUuid
FN:34,findAll
FN:38,findConnected
FN:46,findByUsername
FNF:7
FNH:7
FNDA:13,setupAgent
FNDA:2,createOrUpdate
FNDA:1,findById
FNDA:1,findByUuid
FNDA:1,findAll
FNDA:1,findConnected
FNDA:1,findByUsername
DA:3,2
DA:5,2
DA:11,2
DA:13,2
DA:14,1
DA:15,1
DA:18,1
DA:19,1
DA:23,1
DA:27,1
DA:35,1
DA:39,1
DA:47,1
DA:55,13
LF:14
LH:14
BRDA:13,0,0,1
BRDA:13,0,1,1
BRDA:15,1,0,1
BRDA:15,1,1,0
BRF:4
BRH:3
end_of_record
TN:
SF:/Users/jhojangarcia/platziverse/platziverse-db/lib/db.js
FN:6,setupDatabase
FNF:1
FNH:1
FNDA:13,setupDatabase
DA:3,2
DA:4,2
DA:6,2
DA:7,13
DA:8,2
DA:11,13
LF:6
LH:6
BRDA:7,0,0,2
BRDA:7,0,1,11
BRF:2
BRH:2
end_of_record
TN:
SF:/Users/jhojangarcia/platziverse/platziverse-db/lib/metric.js
FN:3,setupMetric
FN:4,findByAgentUuid
FN:21,findByTypeAgentUuid
FN:39,create
FNF:4
FNH:4
FNDA:13,setupMetric
FNDA:1,findByAgentUuid
FNDA:1,findByTypeAgentUuid
FNDA:1,create
DA:3,2
DA:5,1
DA:22,1
DA:40,1
DA:44,1
DA:45,1
DA:46,1
DA:47,1
DA:51,13
LF:9
LH:9
BRDA:44,0,0,1
BRDA:44,0,1,0
BRF:2
BRH:1
end_of_record
TN:
SF:/Users/jhojangarcia/platziverse/platziverse-db/models/agent.js
FN:6,setupAgentModel
FNF:1
FNH:0
FNDA:0,setupAgentModel
DA:3,2
DA:4,2
DA:6,2
DA:7,0
DA:8,0
LF:5
LH:3
BRF:0
BRH:0
end_of_record
TN:
SF:/Users/jhojangarcia/platziverse/platziverse-db/models/metric.js
FN:6,setupMetricModel
FNF:1
FNH:0
FNDA:0,setupMetricModel
DA:3,2
DA:4,2
DA:6,2
DA:7,0
DA:8,0
LF:5
LH:3
BRF:0
BRH:0
end_of_record
TN:
SF:/Users/jhojangarcia/platziverse/platziverse-db/tests/agent-tests.js
FN:9,(anonymous_4)
FN:46,(anonymous_5)
FN:77,(anonymous_6)
FN:78,(anonymous_7)
FN:83,(anonymous_8)
FN:87,(anonymous_9)
FN:91,(anonymous_10)
FN:98,(anonymous_11)
FN:107,(anonymous_12)
FN:116,(anonymous_13)
FN:128,(anonymous_14)
FN:139,(anonymous_15)
FN:150,(anonymous_16)
FN:161,(anonymous_17)
FNF:14
FNH:14
FNDA:9,(anonymous_4)
FNDA:9,(anonymous_5)
FNDA:9,(anonymous_6)
FNDA:9,(anonymous_7)
FNDA:9,(anonymous_8)
FNDA:1,(anonymous_9)
FNDA:1,(anonymous_10)
FNDA:1,(anonymous_11)
FNDA:1,(anonymous_12)
FNDA:1,(anonymous_13)
FNDA:1,(anonymous_14)
FNDA:1,(anonymous_15)
FNDA:1,(anonymous_16)
FNDA:1,(anonymous_17)
DA:3,1
DA:4,1
DA:5,1
DA:6,1
DA:8,1
DA:11,1
DA:14,1
DA:15,1
DA:16,1
DA:17,1
DA:18,1
DA:19,1
DA:20,1
DA:25,1
DA:31,1
DA:37,1
DA:46,1
DA:47,9
DA:48,9
DA:53,9
DA:54,9
DA:55,1
DA:59,9
DA:60,9
DA:63,9
DA:64,9
DA:67,9
DA:68,9
DA:71,9
DA:72,9
DA:73,9
DA:74,9
DA:76,9
DA:77,9
DA:78,9
DA:80,9
DA:83,1
DA:84,9
DA:87,1
DA:88,1
DA:91,4
DA:92,1
DA:93,1
DA:94,1
DA:95,1
DA:98,3
DA:99,1
DA:101,1
DA:102,1
DA:103,1
DA:104,1
DA:107,3
DA:108,1
DA:110,1
DA:111,1
DA:112,1
DA:113,1
DA:116,6
DA:117,1
DA:119,1
DA:120,1
DA:121,1
DA:122,1
DA:123,1
DA:124,1
DA:125,1
DA:128,3
DA:129,1
DA:131,1
DA:132,1
DA:133,1
DA:135,1
DA:136,1
DA:139,3
DA:140,1
DA:142,1
DA:143,1
DA:144,1
DA:146,1
DA:147,1
DA:150,3
DA:151,1
DA:153,1
DA:154,1
DA:155,1
DA:157,1
DA:158,1
DA:161,6
DA:162,1
DA:164,1
DA:165,1
DA:166,1
DA:169,1
DA:170,1
DA:171,1
DA:172,1
LF:96
LH:96
BRDA:84,0,0,9
BRDA:84,0,1,9
BRF:2
BRH:2
end_of_record
TN:
SF:/Users/jhojangarcia/platziverse/platziverse-db/tests/metric-test.js
FN:11,(anonymous_4)
FN:63,(anonymous_5)
FN:86,(anonymous_6)
FN:87,(anonymous_7)
FN:92,(anonymous_8)
FN:96,(anonymous_9)
FN:100,(anonymous_10)
FN:115,(anonymous_11)
FN:125,(anonymous_12)
FNF:9
FNH:8
FNDA:0,(anonymous_4)
FNDA:4,(anonymous_5)
FNDA:4,(anonymous_6)
FNDA:4,(anonymous_7)
FNDA:4,(anonymous_8)
FNDA:1,(anonymous_9)
FNDA:1,(anonymous_10)
FNDA:1,(anonymous_11)
FNDA:1,(anonymous_12)
DA:3,1
DA:4,1
DA:5,1
DA:7,1
DA:8,1
DA:10,1
DA:14,1
DA:18,1
DA:19,1
DA:20,1
DA:21,1
DA:22,1
DA:24,1
DA:26,1
DA:33,1
DA:46,1
DA:63,1
DA:64,4
DA:65,4
DA:70,4
DA:71,4
DA:74,4
DA:75,4
DA:76,1
DA:80,4
DA:81,4
DA:82,4
DA:83,4
DA:85,4
DA:86,4
DA:87,4
DA:89,4
DA:92,1
DA:93,4
DA:96,1
DA:97,1
DA:100,6
DA:101,1
DA:103,1
DA:104,1
DA:105,1
DA:108,1
DA:109,1
DA:110,1
DA:112,1
DA:115,3
DA:116,1
DA:118,1
DA:119,1
DA:120,1
DA:122,1
DA:125,3
DA:126,1
DA:128,1
DA:129,1
DA:130,1
DA:132,1
LF:57
LH:57
BRDA:93,0,0,4
BRDA:93,0,1,4
BRF:2
BRH:2
end_of_record
TN:
SF:/Users/jhojangarcia/platziverse/platziverse-db/tests/fixtures/agent.js
FN:21,extend
FN:29,(anonymous_1)
FN:30,(anonymous_2)
FN:31,(anonymous_3)
FN:31,(anonymous_4)
FN:32,(anonymous_5)
FN:32,(anonymous_6)
FNF:7
FNH:7
FNDA:6,extend
FNDA:8,(anonymous_1)
FNDA:8,(anonymous_2)
FNDA:14,(anonymous_3)
FNDA:56,(anonymous_4)
FNDA:11,(anonymous_5)
FNDA:44,(anonymous_6)
DA:3,2
DA:14,2
DA:22,6
DA:23,6
DA:26,2
DA:29,8
DA:30,8
DA:31,56
DA:32,44
LF:9
LH:9
BRF:0
BRH:0
end_of_record
TN:
SF:/Users/jhojangarcia/platziverse/platziverse-db/tests/fixtures/metric.js
FN:21,extend
FN:25,findByAgentUuid
FN:26,(anonymous_2)
FN:26,(anonymous_3)
FN:26,(anonymous_4)
FN:29,sortByCreated
FN:30,(anonymous_6)
FN:38,findByTypeAgentUuid
FN:39,(anonymous_8)
FN:39,(anonymous_9)
FNF:10
FNH:8
FNDA:3,extend
FNDA:5,findByAgentUuid
FNDA:20,(anonymous_2)
FNDA:20,(anonymous_3)
FNDA:20,(anonymous_4)
FNDA:0,sortByCreated
FNDA:0,(anonymous_6)
FNDA:5,findByTypeAgentUuid
FNDA:20,(anonymous_8)
FNDA:5,(anonymous_9)
DA:3,1
DA:5,1
DA:14,1
DA:22,3
DA:23,3
DA:26,20
DA:30,0
DA:31,0
DA:32,0
DA:34,0
DA:39,20
DA:40,5
DA:43,1
LF:13
LH:9
BRDA:39,0,0,20
BRDA:39,0,1,20
BRF:2
BRH:2
end_of_record
